<?xml version="1.0" encoding="UTF-8"?>
<testng-results skipped="0" failed="0" ignored="0" total="1" passed="1">
  <reporter-output>
  </reporter-output>
  <suite name="seleniumwork.MySeleniumTest" duration-ms="39373" started-at="2019-01-27T22:29:22Z" finished-at="2019-01-27T22:30:02Z">
    <groups>
    </groups>
    <test name="Command line test" duration-ms="39373" started-at="2019-01-27T22:29:22Z" finished-at="2019-01-27T22:30:02Z">
      <class name="seleniumwork.MySeleniumTest">
        <test-method status="PASS" signature="setup()[pri:0, instance:seleniumwork.MySeleniumTest@21bcffb5]" name="setup" is-config="true" duration-ms="4313" started-at="2019-01-27T22:29:22Z" finished-at="2019-01-27T22:29:27Z">
          <reporter-output>
          </reporter-output>
        </test-method> <!-- setup -->
        <test-method status="PASS" signature="addingBankAccountTest()[pri:0, instance:seleniumwork.MySeleniumTest@21bcffb5]" name="addingBankAccountTest" duration-ms="34369" started-at="2019-01-27T22:29:27Z" finished-at="2019-01-27T22:30:01Z">
          <reporter-output>
          </reporter-output>
        </test-method> <!-- addingBankAccountTest -->
        <test-method status="PASS" signature="cleanup()[pri:0, instance:seleniumwork.MySeleniumTest@21bcffb5]" name="cleanup" is-config="true" duration-ms="670" started-at="2019-01-27T22:30:01Z" finished-at="2019-01-27T22:30:02Z">
          <reporter-output>
          </reporter-output>
        </test-method> <!-- cleanup -->
      </class> <!-- seleniumwork.MySeleniumTest -->
    </test> <!-- Command line test -->
  </suite> <!-- seleniumwork.MySeleniumTest -->
</testng-results>
